# project ns (3.29) configured on Wed Oct 14 18:43:17 2020 by
# waf 2.0.9 (abi 20, python 30703f0 on linux)
# using ./waf configure
#
----------------------------------------
Setting top to
/home/mkris/git-clone/natilus-private/natilus-ns3/ns-allinone-3.29/ns-3.29
----------------------------------------
Setting out to
/home/mkris/git-clone/natilus-private/natilus-ns3/ns-allinone-3.29/ns-3.29/build
----------------------------------------
Checking for 'gcc' (C compiler)
find program=['gcc', 'cc'] paths=['/home/mkris/anaconda3/bin', '/home/mkris/anaconda3/condabin', '/opt/gradle/gradle-5.0/bin', '/usr/local/sbin', '/usr/local/bin', '/usr/sbin', '/usr/bin', '/sbin', '/bin', '/usr/games', '/usr/local/games', '/usr/local/cuda-10.0/bin', '/opt/maven/bin', '/snap/bin'] var='CC' -> ['/usr/bin/gcc']
['/usr/bin/gcc', '-dM', '-E', '-']
out: #define __SSP_STRONG__ 3
#define __DBL_MIN_EXP__ (-1021)
#define __UINT_LEAST16_MAX__ 0xffff
#define __ATOMIC_ACQUIRE 2
#define __FLT_MIN__ 1.17549435082228750797e-38F
#define __GCC_IEC_559_COMPLEX 2
#define __UINT_LEAST8_TYPE__ unsigned char
#define __SIZEOF_FLOAT80__ 16
#define __INTMAX_C(c) c ## L
#define __CHAR_BIT__ 8
#define __UINT8_MAX__ 0xff
#define __WINT_MAX__ 0xffffffffU
#define __ORDER_LITTLE_ENDIAN__ 1234
#define __SIZE_MAX__ 0xffffffffffffffffUL
#define __WCHAR_MAX__ 0x7fffffff
#define __GCC_HAVE_SYNC_COMPARE_AND_SWAP_1 1
#define __GCC_HAVE_SYNC_COMPARE_AND_SWAP_2 1
#define __GCC_HAVE_SYNC_COMPARE_AND_SWAP_4 1
#define __DBL_DENORM_MIN__ ((double)4.94065645841246544177e-324L)
#define __GCC_HAVE_SYNC_COMPARE_AND_SWAP_8 1
#define __GCC_ATOMIC_CHAR_LOCK_FREE 2
#define __GCC_IEC_559 2
#define __FLT_EVAL_METHOD__ 0
#define __unix__ 1
#define __GCC_ATOMIC_CHAR32_T_LOCK_FREE 2
#define __x86_64 1
#define __UINT_FAST64_MAX__ 0xffffffffffffffffUL
#define __SIG_ATOMIC_TYPE__ int
#define __DBL_MIN_10_EXP__ (-307)
#define __FINITE_MATH_ONLY__ 0
#define __GNUC_PATCHLEVEL__ 0
#define __UINT_FAST8_MAX__ 0xff
#define __has_include(STR) __has_include__(STR)
#define __DEC64_MAX_EXP__ 385
#define __INT8_C(c) c
#define __UINT_LEAST64_MAX__ 0xffffffffffffffffUL
#define __SHRT_MAX__ 0x7fff
#define __LDBL_MAX__ 1.18973149535723176502e+4932L
#define __UINT_LEAST8_MAX__ 0xff
#define __GCC_ATOMIC_BOOL_LOCK_FREE 2
#define __UINTMAX_TYPE__ long unsigned int
#define __linux 1
#define __DEC32_EPSILON__ 1E-6DF
#define __unix 1
#define __UINT32_MAX__ 0xffffffffU
#define __LDBL_MAX_EXP__ 16384
#define __WINT_MIN__ 0U
#define __linux__ 1
#define __SCHAR_MAX__ 0x7f
#define __WCHAR_MIN__ (-__WCHAR_MAX__ - 1)
#define __INT64_C(c) c ## L
#define __DBL_DIG__ 15
#define __GCC_ATOMIC_POINTER_LOCK_FREE 2
#define __SIZEOF_INT__ 4
#define __SIZEOF_POINTER__ 8
#define __USER_LABEL_PREFIX__ 
#define __STDC_HOSTED__ 1
#define __LDBL_HAS_INFINITY__ 1
#define __FLT_EPSILON__ 1.19209289550781250000e-7F
#define __LDBL_MIN__ 3.36210314311209350626e-4932L
#define __STDC_UTF_16__ 1
#define __DEC32_MAX__ 9.999999E96DF
#define __INT32_MAX__ 0x7fffffff
#define __SIZEOF_LONG__ 8
#define __STDC_IEC_559__ 1
#define __STDC_ISO_10646__ 201505L
#define __UINT16_C(c) c
#define __DECIMAL_DIG__ 21
#define __gnu_linux__ 1
#define __has_include_next(STR) __has_include_next__(STR)
#define __LDBL_HAS_QUIET_NAN__ 1
#define __GNUC__ 5
#define __MMX__ 1
#define __FLT_HAS_DENORM__ 1
#define __SIZEOF_LONG_DOUBLE__ 16
#define __BIGGEST_ALIGNMENT__ 16
#define __DBL_MAX__ ((double)1.79769313486231570815e+308L)
#define __INT_FAST32_MAX__ 0x7fffffffffffffffL
#define __DBL_HAS_INFINITY__ 1
#define __DEC32_MIN_EXP__ (-94)
#define __INT_FAST16_TYPE__ long int
#define __LDBL_HAS_DENORM__ 1
#define __DEC128_MAX__ 9.999999999999999999999999999999999E6144DL
#define __INT_LEAST32_MAX__ 0x7fffffff
#define __DEC32_MIN__ 1E-95DF
#define __DBL_MAX_EXP__ 1024
#define __DEC128_EPSILON__ 1E-33DL
#define __SSE2_MATH__ 1
#define __ATOMIC_HLE_RELEASE 131072
#define __PTRDIFF_MAX__ 0x7fffffffffffffffL
#define __amd64 1
#define __STDC_NO_THREADS__ 1
#define __ATOMIC_HLE_ACQUIRE 65536
#define __LONG_LONG_MAX__ 0x7fffffffffffffffLL
#define __SIZEOF_SIZE_T__ 8
#define __SIZEOF_WINT_T__ 4
#define __GCC_HAVE_DWARF2_CFI_ASM 1
#define __GXX_ABI_VERSION 1009
#define __FLT_MIN_EXP__ (-125)
#define __INT_FAST64_TYPE__ long int
#define __DBL_MIN__ ((double)2.22507385850720138309e-308L)
#define __LP64__ 1
#define __DECIMAL_BID_FORMAT__ 1
#define __DEC128_MIN__ 1E-6143DL
#define __REGISTER_PREFIX__ 
#define __UINT16_MAX__ 0xffff
#define __DBL_HAS_DENORM__ 1
#define __UINT8_TYPE__ unsigned char
#define __NO_INLINE__ 1
#define __FLT_MANT_DIG__ 24
#define __VERSION__ "5.4.0 20160609"
#define __UINT64_C(c) c ## UL
#define _STDC_PREDEF_H 1
#define __GCC_ATOMIC_INT_LOCK_FREE 2
#define __FLOAT_WORD_ORDER__ __ORDER_LITTLE_ENDIAN__
#define __STDC_IEC_559_COMPLEX__ 1
#define __INT32_C(c) c
#define __DEC64_EPSILON__ 1E-15DD
#define __ORDER_PDP_ENDIAN__ 3412
#define __DEC128_MIN_EXP__ (-6142)
#define __INT_FAST32_TYPE__ long int
#define __UINT_LEAST16_TYPE__ short unsigned int
#define unix 1
#define __INT16_MAX__ 0x7fff
#define __SIZE_TYPE__ long unsigned int
#define __UINT64_MAX__ 0xffffffffffffffffUL
#define __INT8_TYPE__ signed char
#define __ELF__ 1
#define __FLT_RADIX__ 2
#define __INT_LEAST16_TYPE__ short int
#define __LDBL_EPSILON__ 1.08420217248550443401e-19L
#define __UINTMAX_C(c) c ## UL
#define __SSE_MATH__ 1
#define __k8 1
#define __SIG_ATOMIC_MAX__ 0x7fffffff
#define __GCC_ATOMIC_WCHAR_T_LOCK_FREE 2
#define __SIZEOF_PTRDIFF_T__ 8
#define __x86_64__ 1
#define __DEC32_SUBNORMAL_MIN__ 0.000001E-95DF
#define __INT_FAST16_MAX__ 0x7fffffffffffffffL
#define __UINT_FAST32_MAX__ 0xffffffffffffffffUL
#define __UINT_LEAST64_TYPE__ long unsigned int
#define __FLT_HAS_QUIET_NAN__ 1
#define __FLT_MAX_10_EXP__ 38
#define __LONG_MAX__ 0x7fffffffffffffffL
#define __DEC128_SUBNORMAL_MIN__ 0.000000000000000000000000000000001E-6143DL
#define __FLT_HAS_INFINITY__ 1
#define __UINT_FAST16_TYPE__ long unsigned int
#define __DEC64_MAX__ 9.999999999999999E384DD
#define __CHAR16_TYPE__ short unsigned int
#define __PRAGMA_REDEFINE_EXTNAME 1
#define __INT_LEAST16_MAX__ 0x7fff
#define __DEC64_MANT_DIG__ 16
#define __INT64_MAX__ 0x7fffffffffffffffL
#define __UINT_LEAST32_MAX__ 0xffffffffU
#define __GCC_ATOMIC_LONG_LOCK_FREE 2
#define __INT_LEAST64_TYPE__ long int
#define __INT16_TYPE__ short int
#define __INT_LEAST8_TYPE__ signed char
#define __STDC_VERSION__ 201112L
#define __DEC32_MAX_EXP__ 97
#define __INT_FAST8_MAX__ 0x7f
#define __INTPTR_MAX__ 0x7fffffffffffffffL
#define linux 1
#define __SSE2__ 1
#define __LDBL_MANT_DIG__ 64
#define __DBL_HAS_QUIET_NAN__ 1
#define __SIG_ATOMIC_MIN__ (-__SIG_ATOMIC_MAX__ - 1)
#define __code_model_small__ 1
#define __k8__ 1
#define __INTPTR_TYPE__ long int
#define __UINT16_TYPE__ short unsigned int
#define __WCHAR_TYPE__ int
#define __SIZEOF_FLOAT__ 4
#define __UINTPTR_MAX__ 0xffffffffffffffffUL
#define __DEC64_MIN_EXP__ (-382)
#define __INT_FAST64_MAX__ 0x7fffffffffffffffL
#define __GCC_ATOMIC_TEST_AND_SET_TRUEVAL 1
#define __FLT_DIG__ 6
#define __UINT_FAST64_TYPE__ long unsigned int
#define __INT_MAX__ 0x7fffffff
#define __amd64__ 1
#define __INT64_TYPE__ long int
#define __FLT_MAX_EXP__ 128
#define __ORDER_BIG_ENDIAN__ 4321
#define __DBL_MANT_DIG__ 53
#define __SIZEOF_FLOAT128__ 16
#define __INT_LEAST64_MAX__ 0x7fffffffffffffffL
#define __GCC_ATOMIC_CHAR16_T_LOCK_FREE 2
#define __DEC64_MIN__ 1E-383DD
#define __WINT_TYPE__ unsigned int
#define __UINT_LEAST32_TYPE__ unsigned int
#define __SIZEOF_SHORT__ 2
#define __SSE__ 1
#define __LDBL_MIN_EXP__ (-16381)
#define __INT_LEAST8_MAX__ 0x7f
#define __SIZEOF_INT128__ 16
#define __LDBL_MAX_10_EXP__ 4932
#define __ATOMIC_RELAXED 0
#define __DBL_EPSILON__ ((double)2.22044604925031308085e-16L)
#define _LP64 1
#define __UINT8_C(c) c
#define __INT_LEAST32_TYPE__ int
#define __SIZEOF_WCHAR_T__ 4
#define __UINT64_TYPE__ long unsigned int
#define __INT_FAST8_TYPE__ signed char
#define __GNUC_STDC_INLINE__ 1
#define __DBL_DECIMAL_DIG__ 17
#define __STDC_UTF_32__ 1
#define __FXSR__ 1
#define __DEC_EVAL_METHOD__ 2
#define __UINT32_C(c) c ## U
#define __INTMAX_MAX__ 0x7fffffffffffffffL
#define __BYTE_ORDER__ __ORDER_LITTLE_ENDIAN__
#define __FLT_DENORM_MIN__ 1.40129846432481707092e-45F
#define __INT8_MAX__ 0x7f
#define __UINT_FAST32_TYPE__ long unsigned int
#define __CHAR32_TYPE__ unsigned int
#define __FLT_MAX__ 3.40282346638528859812e+38F
#define __INT32_TYPE__ int
#define __SIZEOF_DOUBLE__ 8
#define __FLT_MIN_10_EXP__ (-37)
#define __INTMAX_TYPE__ long int
#define __DEC128_MAX_EXP__ 6145
#define __ATOMIC_CONSUME 1
#define __GNUC_MINOR__ 4
#define __UINTMAX_MAX__ 0xffffffffffffffffUL
#define __DEC32_MANT_DIG__ 7
#define __DBL_MAX_10_EXP__ 308
#define __LDBL_DENORM_MIN__ 3.64519953188247460253e-4951L
#define __INT16_C(c) c
#define __STDC__ 1
#define __PTRDIFF_TYPE__ long int
#define __ATOMIC_SEQ_CST 5
#define __UINT32_TYPE__ unsigned int
#define __UINTPTR_TYPE__ long unsigned int
#define __DEC64_SUBNORMAL_MIN__ 0.000000000000001E-383DD
#define __DEC128_MANT_DIG__ 34
#define __LDBL_MIN_10_EXP__ (-4931)
#define __SIZEOF_LONG_LONG__ 8
#define __GCC_ATOMIC_LLONG_LOCK_FREE 2
#define __LDBL_DIG__ 18
#define __FLT_DECIMAL_DIG__ 9
#define __UINT_FAST16_MAX__ 0xffffffffffffffffUL
#define __GCC_ATOMIC_SHORT_LOCK_FREE 2
#define __UINT_FAST8_TYPE__ unsigned char
#define __ATOMIC_ACQ_REL 4
#define __ATOMIC_RELEASE 3

find program=['ar'] paths=['/home/mkris/anaconda3/bin', '/home/mkris/anaconda3/condabin', '/opt/gradle/gradle-5.0/bin', '/usr/local/sbin', '/usr/local/bin', '/usr/sbin', '/usr/bin', '/sbin', '/bin', '/usr/games', '/usr/local/games', '/usr/local/cuda-10.0/bin', '/opt/maven/bin', '/snap/bin'] var='AR' -> ['/usr/bin/ar']
/usr/bin/gcc
----------------------------------------
Checking for cc version
5.4.0
----------------------------------------
Checking for 'g++' (C++ compiler)
find program=['g++', 'c++'] paths=['/home/mkris/anaconda3/bin', '/home/mkris/anaconda3/condabin', '/opt/gradle/gradle-5.0/bin', '/usr/local/sbin', '/usr/local/bin', '/usr/sbin', '/usr/bin', '/sbin', '/bin', '/usr/games', '/usr/local/games', '/usr/local/cuda-10.0/bin', '/opt/maven/bin', '/snap/bin'] var='CXX' -> ['/usr/bin/g++']
['/usr/bin/g++', '-dM', '-E', '-']
out: #define __SSP_STRONG__ 3
#define __DBL_MIN_EXP__ (-1021)
#define __UINT_LEAST16_MAX__ 65535
#define __ATOMIC_ACQUIRE 2
#define __FLT_MIN__ 1.17549435082228750797e-38F
#define __GCC_IEC_559_COMPLEX 2
#define __UINT_LEAST8_TYPE__ unsigned char
#define __INTMAX_C(c) c ## L
#define __CHAR_BIT__ 8
#define __UINT8_MAX__ 255
#define __WINT_MAX__ 4294967295U
#define __ORDER_LITTLE_ENDIAN__ 1234
#define __SIZE_MAX__ 18446744073709551615UL
#define __WCHAR_MAX__ 2147483647
#define __GCC_HAVE_SYNC_COMPARE_AND_SWAP_1 1
#define __GCC_HAVE_SYNC_COMPARE_AND_SWAP_2 1
#define __GCC_HAVE_SYNC_COMPARE_AND_SWAP_4 1
#define __DBL_DENORM_MIN__ ((double)4.94065645841246544177e-324L)
#define __GCC_HAVE_SYNC_COMPARE_AND_SWAP_8 1
#define __GCC_ATOMIC_CHAR_LOCK_FREE 2
#define __GCC_IEC_559 2
#define __FLT_EVAL_METHOD__ 0
#define __unix__ 1
#define __GCC_ATOMIC_CHAR32_T_LOCK_FREE 2
#define __x86_64 1
#define __UINT_FAST64_MAX__ 18446744073709551615UL
#define __SIG_ATOMIC_TYPE__ int
#define __DBL_MIN_10_EXP__ (-307)
#define __FINITE_MATH_ONLY__ 0
#define __GNUC_PATCHLEVEL__ 3
#define __UINT_FAST8_MAX__ 255
#define __has_include(STR) __has_include__(STR)
#define __DEC64_MAX_EXP__ 385
#define __INT8_C(c) c
#define __UINT_LEAST64_MAX__ 18446744073709551615UL
#define __SHRT_MAX__ 32767
#define __LDBL_MAX__ 1.18973149535723176502e+4932L
#define __UINT_LEAST8_MAX__ 255
#define __GCC_ATOMIC_BOOL_LOCK_FREE 2
#define __UINTMAX_TYPE__ long unsigned int
#define __linux 1
#define __DEC32_EPSILON__ 1E-6DF
#define __unix 1
#define __UINT32_MAX__ 4294967295U
#define __LDBL_MAX_EXP__ 16384
#define __WINT_MIN__ 0U
#define __linux__ 1
#define __SCHAR_MAX__ 127
#define __WCHAR_MIN__ (-__WCHAR_MAX__ - 1)
#define __INT64_C(c) c ## L
#define __DBL_DIG__ 15
#define __GCC_ATOMIC_POINTER_LOCK_FREE 2
#define __SIZEOF_INT__ 4
#define __SIZEOF_POINTER__ 8
#define __USER_LABEL_PREFIX__ 
#define __STDC_HOSTED__ 1
#define __LDBL_HAS_INFINITY__ 1
#define __FLT_EPSILON__ 1.19209289550781250000e-7F
#define __LDBL_MIN__ 3.36210314311209350626e-4932L
#define __DEC32_MAX__ 9.999999E96DF
#define __INT32_MAX__ 2147483647
#define __SIZEOF_LONG__ 8
#define __STDC_IEC_559__ 1
#define __STDC_ISO_10646__ 201505L
#define __UINT16_C(c) c
#define __DECIMAL_DIG__ 21
#define __gnu_linux__ 1
#define __has_include_next(STR) __has_include_next__(STR)
#define __LDBL_HAS_QUIET_NAN__ 1
#define __GNUC__ 4
#define __MMX__ 1
#define __FLT_HAS_DENORM__ 1
#define __SIZEOF_LONG_DOUBLE__ 16
#define __BIGGEST_ALIGNMENT__ 16
#define __DBL_MAX__ ((double)1.79769313486231570815e+308L)
#define __INT_FAST32_MAX__ 9223372036854775807L
#define __DBL_HAS_INFINITY__ 1
#define __DEC32_MIN_EXP__ (-94)
#define __INT_FAST16_TYPE__ long int
#define __LDBL_HAS_DENORM__ 1
#define __DEC128_MAX__ 9.999999999999999999999999999999999E6144DL
#define __INT_LEAST32_MAX__ 2147483647
#define __DEC32_MIN__ 1E-95DF
#define __DBL_MAX_EXP__ 1024
#define __DEC128_EPSILON__ 1E-33DL
#define __SSE2_MATH__ 1
#define __ATOMIC_HLE_RELEASE 131072
#define __PTRDIFF_MAX__ 9223372036854775807L
#define __amd64 1
#define __STDC_NO_THREADS__ 1
#define __ATOMIC_HLE_ACQUIRE 65536
#define __LONG_LONG_MAX__ 9223372036854775807LL
#define __SIZEOF_SIZE_T__ 8
#define __SIZEOF_WINT_T__ 4
#define __GCC_HAVE_DWARF2_CFI_ASM 1
#define __GXX_ABI_VERSION 1002
#define __FLT_MIN_EXP__ (-125)
#define __INT_FAST64_TYPE__ long int
#define __DBL_MIN__ ((double)2.22507385850720138309e-308L)
#define __LP64__ 1
#define __DECIMAL_BID_FORMAT__ 1
#define __DEC128_MIN__ 1E-6143DL
#define __REGISTER_PREFIX__ 
#define __UINT16_MAX__ 65535
#define __DBL_HAS_DENORM__ 1
#define __UINT8_TYPE__ unsigned char
#define __NO_INLINE__ 1
#define __FLT_MANT_DIG__ 24
#define __VERSION__ "4.9.3"
#define __UINT64_C(c) c ## UL
#define _STDC_PREDEF_H 1
#define __GCC_ATOMIC_INT_LOCK_FREE 2
#define __FLOAT_WORD_ORDER__ __ORDER_LITTLE_ENDIAN__
#define __STDC_IEC_559_COMPLEX__ 1
#define __INT32_C(c) c
#define __DEC64_EPSILON__ 1E-15DD
#define __ORDER_PDP_ENDIAN__ 3412
#define __DEC128_MIN_EXP__ (-6142)
#define __INT_FAST32_TYPE__ long int
#define __UINT_LEAST16_TYPE__ short unsigned int
#define unix 1
#define __INT16_MAX__ 32767
#define __SIZE_TYPE__ long unsigned int
#define __UINT64_MAX__ 18446744073709551615UL
#define __INT8_TYPE__ signed char
#define __ELF__ 1
#define __FLT_RADIX__ 2
#define __INT_LEAST16_TYPE__ short int
#define __LDBL_EPSILON__ 1.08420217248550443401e-19L
#define __UINTMAX_C(c) c ## UL
#define __SSE_MATH__ 1
#define __k8 1
#define __SIG_ATOMIC_MAX__ 2147483647
#define __GCC_ATOMIC_WCHAR_T_LOCK_FREE 2
#define __SIZEOF_PTRDIFF_T__ 8
#define __x86_64__ 1
#define __DEC32_SUBNORMAL_MIN__ 0.000001E-95DF
#define __INT_FAST16_MAX__ 9223372036854775807L
#define __UINT_FAST32_MAX__ 18446744073709551615UL
#define __UINT_LEAST64_TYPE__ long unsigned int
#define __FLT_HAS_QUIET_NAN__ 1
#define __FLT_MAX_10_EXP__ 38
#define __LONG_MAX__ 9223372036854775807L
#define __DEC128_SUBNORMAL_MIN__ 0.000000000000000000000000000000001E-6143DL
#define __FLT_HAS_INFINITY__ 1
#define __UINT_FAST16_TYPE__ long unsigned int
#define __DEC64_MAX__ 9.999999999999999E384DD
#define __CHAR16_TYPE__ short unsigned int
#define __PRAGMA_REDEFINE_EXTNAME 1
#define __INT_LEAST16_MAX__ 32767
#define __DEC64_MANT_DIG__ 16
#define __INT64_MAX__ 9223372036854775807L
#define __UINT_LEAST32_MAX__ 4294967295U
#define __GCC_ATOMIC_LONG_LOCK_FREE 2
#define __INT_LEAST64_TYPE__ long int
#define __INT16_TYPE__ short int
#define __INT_LEAST8_TYPE__ signed char
#define __DEC32_MAX_EXP__ 97
#define __INT_FAST8_MAX__ 127
#define __INTPTR_MAX__ 9223372036854775807L
#define linux 1
#define __SSE2__ 1
#define __LDBL_MANT_DIG__ 64
#define __DBL_HAS_QUIET_NAN__ 1
#define __SIG_ATOMIC_MIN__ (-__SIG_ATOMIC_MAX__ - 1)
#define __code_model_small__ 1
#define __k8__ 1
#define __INTPTR_TYPE__ long int
#define __UINT16_TYPE__ short unsigned int
#define __WCHAR_TYPE__ int
#define __SIZEOF_FLOAT__ 4
#define __UINTPTR_MAX__ 18446744073709551615UL
#define __DEC64_MIN_EXP__ (-382)
#define __INT_FAST64_MAX__ 9223372036854775807L
#define __GCC_ATOMIC_TEST_AND_SET_TRUEVAL 1
#define __FLT_DIG__ 6
#define __UINT_FAST64_TYPE__ long unsigned int
#define __INT_MAX__ 2147483647
#define __amd64__ 1
#define __INT64_TYPE__ long int
#define __FLT_MAX_EXP__ 128
#define __ORDER_BIG_ENDIAN__ 4321
#define __DBL_MANT_DIG__ 53
#define __INT_LEAST64_MAX__ 9223372036854775807L
#define __GCC_ATOMIC_CHAR16_T_LOCK_FREE 2
#define __DEC64_MIN__ 1E-383DD
#define __WINT_TYPE__ unsigned int
#define __UINT_LEAST32_TYPE__ unsigned int
#define __SIZEOF_SHORT__ 2
#define __SSE__ 1
#define __LDBL_MIN_EXP__ (-16381)
#define __INT_LEAST8_MAX__ 127
#define __SIZEOF_INT128__ 16
#define __LDBL_MAX_10_EXP__ 4932
#define __ATOMIC_RELAXED 0
#define __DBL_EPSILON__ ((double)2.22044604925031308085e-16L)
#define _LP64 1
#define __UINT8_C(c) c
#define __INT_LEAST32_TYPE__ int
#define __SIZEOF_WCHAR_T__ 4
#define __UINT64_TYPE__ long unsigned int
#define __INT_FAST8_TYPE__ signed char
#define __DBL_DECIMAL_DIG__ 17
#define __FXSR__ 1
#define __DEC_EVAL_METHOD__ 2
#define __UINT32_C(c) c ## U
#define __INTMAX_MAX__ 9223372036854775807L
#define __BYTE_ORDER__ __ORDER_LITTLE_ENDIAN__
#define __FLT_DENORM_MIN__ 1.40129846432481707092e-45F
#define __INT8_MAX__ 127
#define __UINT_FAST32_TYPE__ long unsigned int
#define __CHAR32_TYPE__ unsigned int
#define __FLT_MAX__ 3.40282346638528859812e+38F
#define __INT32_TYPE__ int
#define __SIZEOF_DOUBLE__ 8
#define __FLT_MIN_10_EXP__ (-37)
#define __INTMAX_TYPE__ long int
#define __DEC128_MAX_EXP__ 6145
#define __ATOMIC_CONSUME 1
#define __GNUC_MINOR__ 9
#define __UINTMAX_MAX__ 18446744073709551615UL
#define __DEC32_MANT_DIG__ 7
#define __DBL_MAX_10_EXP__ 308
#define __LDBL_DENORM_MIN__ 3.64519953188247460253e-4951L
#define __INT16_C(c) c
#define __STDC__ 1
#define __PTRDIFF_TYPE__ long int
#define __ATOMIC_SEQ_CST 5
#define __UINT32_TYPE__ unsigned int
#define __UINTPTR_TYPE__ long unsigned int
#define __DEC64_SUBNORMAL_MIN__ 0.000000000000001E-383DD
#define __DEC128_MANT_DIG__ 34
#define __LDBL_MIN_10_EXP__ (-4931)
#define __SIZEOF_LONG_LONG__ 8
#define __GCC_ATOMIC_LLONG_LOCK_FREE 2
#define __LDBL_DIG__ 18
#define __FLT_DECIMAL_DIG__ 9
#define __UINT_FAST16_MAX__ 18446744073709551615UL
#define __GNUC_GNU_INLINE__ 1
#define __GCC_ATOMIC_SHORT_LOCK_FREE 2
#define __UINT_FAST8_TYPE__ unsigned char
#define __ATOMIC_ACQ_REL 4
#define __ATOMIC_RELEASE 3

find program=['ar'] paths=['/home/mkris/anaconda3/bin', '/home/mkris/anaconda3/condabin', '/opt/gradle/gradle-5.0/bin', '/usr/local/sbin', '/usr/local/bin', '/usr/sbin', '/usr/bin', '/sbin', '/bin', '/usr/games', '/usr/local/games', '/usr/local/cuda-10.0/bin', '/opt/maven/bin', '/snap/bin'] var='AR' -> ['/usr/bin/ar']
==>

int main(int argc, char **argv) {
	(void)argc; (void)argv;
	return 0;
}

<==
[1/2] Compiling [32mbuild/.conf_check_9e5916e0bdad2c9b820d4590bf37f8ac/test.cpp[0m

['/usr/bin/g++', '-fPIC', '../test.cpp', '-c', '-o/home/mkris/git-clone/natilus-private/natilus-ns3/ns-allinone-3.29/ns-3.29/build/.conf_check_9e5916e0bdad2c9b820d4590bf37f8ac/testbuild/test.cpp.1.o']
[2/2] Linking [33mbuild/.conf_check_9e5916e0bdad2c9b820d4590bf37f8ac/testbuild/libtestprog.so[0m

['/usr/bin/g++', '-shared', 'test.cpp.1.o', '-o', '/home/mkris/git-clone/natilus-private/natilus-ns3/ns-allinone-3.29/ns-3.29/build/.conf_check_9e5916e0bdad2c9b820d4590bf37f8ac/testbuild/libtestprog.so', '-Wl,-Bstatic', '-Wl,-Bdynamic']
/usr/bin/g++
------------------------------------------------------
Checking for compilation flag -Wl,--soname=foo support
==>
int main() { return 0; }
<==
[1/1] Compiling [32mbuild/.conf_check_6718cb0438fb33c43fcbb915b4dcd05d/test.cpp[0m

['/usr/bin/g++', '-O0', '-ggdb', '-g3', '-Wall', '-Werror', '-Wl,--soname=foo', '-DNS3_BUILD_PROFILE_DEBUG', '-DNS3_ASSERT_ENABLE', '-DNS3_LOG_ENABLE', '../test.cpp', '-c', '-o/home/mkris/git-clone/natilus-private/natilus-ns3/ns-allinone-3.29/ns-3.29/build/.conf_check_6718cb0438fb33c43fcbb915b4dcd05d/testbuild/test.cpp.1.o']
ok
------------------------------------------------------
Checking for compilation flag -std=c++11 support
==>
int main() { return 0; }
<==
[1/1] Compiling [32mbuild/.conf_check_6718cb0438fb33c43fcbb915b4dcd05d/test.cpp[0m

['/usr/bin/g++', '-O0', '-ggdb', '-g3', '-Wall', '-Werror', '-std=c++11', '-DNS3_BUILD_PROFILE_DEBUG', '-DNS3_ASSERT_ENABLE', '-DNS3_LOG_ENABLE', '../test.cpp', '-c', '-o/home/mkris/git-clone/natilus-private/natilus-ns3/ns-allinone-3.29/ns-3.29/build/.conf_check_6718cb0438fb33c43fcbb915b4dcd05d/testbuild/test.cpp.1.o']
ok
------------------------------------------------------
Checking for program 'python'
/home/mkris/anaconda3/bin/python
find program=['python'] paths=['/home/mkris/anaconda3/bin', '/home/mkris/anaconda3/condabin', '/opt/gradle/gradle-5.0/bin', '/usr/local/sbin', '/usr/local/bin', '/usr/sbin', '/usr/bin', '/sbin', '/bin', '/usr/games', '/usr/local/games', '/usr/local/cuda-10.0/bin', '/opt/maven/bin', '/snap/bin'] var='PYTHON' -> ['/home/mkris/anaconda3/bin/python']
['/home/mkris/anaconda3/bin/python', '-c', 'import imp;print(imp.get_tag())']
out: cpython-37

err: -c:1: DeprecationWarning: the imp module is deprecated in favour of importlib; see the module's documentation for alternative uses

['/home/mkris/anaconda3/bin/python', '-c', 'import sys\nfor x in sys.version_info: print(str(x))']
out: 3
7
3
final
0

['/home/mkris/anaconda3/bin/python', '-c', "from distutils.sysconfig import get_config_var, get_python_lib\n\nprint(repr(get_python_lib(standard_lib=0, prefix='/usr/local') or ''))"]
out: '/usr/local/lib/python3.7/site-packages'

'/usr/local/lib/python3.7/site-packages'

['/home/mkris/anaconda3/bin/python', '-c', "from distutils.sysconfig import get_config_var, get_python_lib\n\nprint(repr(get_python_lib(plat_specific=1, standard_lib=0, prefix='/usr/local') or ''))"]
out: '/usr/local/lib/python3.7/site-packages'

'/usr/local/lib/python3.7/site-packages'

------------------------------------------------------
Checking for python version >= 2.3
3.7.3
['/home/mkris/anaconda3/bin/python', '-c', "from distutils.sysconfig import get_config_var, get_python_lib\n\nprint(repr(get_config_var('prefix') or ''))\nprint(repr(get_config_var('SO') or ''))\nprint(repr(get_config_var('LDFLAGS') or ''))\nprint(repr(get_config_var('LIBDIR') or ''))\nprint(repr(get_config_var('LIBPL') or ''))\nprint(repr(get_config_var('INCLUDEPY') or ''))\nprint(repr(get_config_var('Py_ENABLE_SHARED') or ''))\nprint(repr(get_config_var('MACOSX_DEPLOYMENT_TARGET') or ''))\nprint(repr(get_config_var('LDSHARED') or ''))\nprint(repr(get_config_var('CFLAGS') or ''))\nprint(repr(get_config_var('LDVERSION') or ''))"]
out: '/home/mkris/anaconda3'
'.cpython-37m-x86_64-linux-gnu.so'
'-L/home/mkris/anaconda3/lib -Wl,-rpath=/home/mkris/anaconda3/lib -Wl,--no-as-needed -Wl,--sysroot=/'
'/home/mkris/anaconda3/lib'
'/home/mkris/anaconda3/lib/python3.7/config-3.7m-x86_64-linux-gnu'
'/home/mkris/anaconda3/include/python3.7m'
''
''
'gcc -pthread -shared -B /home/mkris/anaconda3/compiler_compat -L/home/mkris/anaconda3/lib -Wl,-rpath=/home/mkris/anaconda3/lib -Wl,--no-as-needed -Wl,--sysroot=/'
'-Wsign-compare -DNDEBUG -g -fwrapv -O3 -Wall -Wstrict-prototypes'
'3.7m'

err: -c:4: DeprecationWarning: SO is deprecated, use EXT_SUFFIX

'/home/mkris/anaconda3'
'.cpython-37m-x86_64-linux-gnu.so'
'-L/home/mkris/anaconda3/lib -Wl,-rpath=/home/mkris/anaconda3/lib -Wl,--no-as-needed -Wl,--sysroot=/'
'/home/mkris/anaconda3/lib'
'/home/mkris/anaconda3/lib/python3.7/config-3.7m-x86_64-linux-gnu'
'/home/mkris/anaconda3/include/python3.7m'
''
''
'gcc -pthread -shared -B /home/mkris/anaconda3/compiler_compat -L/home/mkris/anaconda3/lib -Wl,-rpath=/home/mkris/anaconda3/lib -Wl,--no-as-needed -Wl,--sysroot=/'
'-Wsign-compare -DNDEBUG -g -fwrapv -O3 -Wall -Wstrict-prototypes'
'3.7m'

Configuration returned from ['/home/mkris/anaconda3/bin/python']:
prefix = '/home/mkris/anaconda3'
SO = '.cpython-37m-x86_64-linux-gnu.so'
LDFLAGS = '-L/home/mkris/anaconda3/lib -Wl,-rpath=/home/mkris/anaconda3/lib -Wl,--no-as-needed -Wl,--sysroot=/'
LIBDIR = '/home/mkris/anaconda3/lib'
LIBPL = '/home/mkris/anaconda3/lib/python3.7/config-3.7m-x86_64-linux-gnu'
INCLUDEPY = '/home/mkris/anaconda3/include/python3.7m'
Py_ENABLE_SHARED = ''
MACOSX_DEPLOYMENT_TARGET = ''
LDSHARED = 'gcc -pthread -shared -B /home/mkris/anaconda3/compiler_compat -L/home/mkris/anaconda3/lib -Wl,-rpath=/home/mkris/anaconda3/lib -Wl,--no-as-needed -Wl,--sysroot=/'
CFLAGS = '-Wsign-compare -DNDEBUG -g -fwrapv -O3 -Wall -Wstrict-prototypes'
LDVERSION = '3.7m'

------------------------------------------------------
python-config
/home/mkris/anaconda3/bin/python3.7-config
find program=['/home/mkris/anaconda3/bin/python-config', 'python3.7-config', 'python-config-3.7', 'python3.7m-config'] paths=['/home/mkris/anaconda3/bin', '/home/mkris/anaconda3/condabin', '/opt/gradle/gradle-5.0/bin', '/usr/local/sbin', '/usr/local/bin', '/usr/sbin', '/usr/bin', '/sbin', '/bin', '/usr/games', '/usr/local/games', '/usr/local/cuda-10.0/bin', '/opt/maven/bin', '/snap/bin'] var='PYTHON_CONFIG' -> ['/home/mkris/anaconda3/bin/python3.7-config']
------------------------------------------------------------------
Asking python-config for pyembed '--cflags --libs --ldflags' flags
['/home/mkris/anaconda3/bin/python3.7-config', '--cflags', '--libs', '--ldflags']
out: -I/home/mkris/anaconda3/include/python3.7m -I/home/mkris/anaconda3/include/python3.7m  -Wno-unused-result -Wsign-compare -march=nocona -mtune=haswell -ftree-vectorize -fPIC -fstack-protector-strong -fno-plt -O3 -ffunction-sections -pipe  -fdebug-prefix-map=/tmp/build/80754af9/python_1553721932202/work=/usr/local/src/conda/python-3.7.3 -fdebug-prefix-map=/home/mkris/anaconda3=/usr/local/src/conda-prefix -fuse-linker-plugin -ffat-lto-objects -flto-partition=none -flto -DNDEBUG -fwrapv -O3 -Wall
-lpython3.7m -lcrypt -lpthread -ldl  -lutil -lrt -lm 
-L/home/mkris/anaconda3/lib/python3.7/config-3.7m-x86_64-linux-gnu -L/home/mkris/anaconda3/lib -lpython3.7m -lcrypt -lpthread -ldl  -lutil -lrt -lm  -Xlinker -export-dynamic

Unhandled flag '-Wno-unused-result'
Unhandled flag '-Wsign-compare'
Unhandled flag '-pipe'
Unhandled flag '-Wall'
yes
------------------------------------------------------------------
Testing pyembed configuration
==>

#include <Python.h>
#ifdef __cplusplus
extern "C" {
#endif
	void Py_Initialize(void);
	void Py_Finalize(void);
#ifdef __cplusplus
}
#endif
int main(int argc, char **argv)
{
   (void)argc; (void)argv;
   Py_Initialize();
   Py_Finalize();
   return 0;
}

<==
[1/2] Compiling [32mbuild/.conf_check_c42552deaddf396e963280f9ee491d7b/test.cpp[0m

['/usr/bin/g++', '-O0', '-ggdb', '-g3', '-Wall', '-Werror', '-std=c++11', '-march=nocona', '-mtune=haswell', '-ftree-vectorize', '-fPIC', '-fstack-protector-strong', '-fno-plt', '-O3', '-ffunction-sections', '-fdebug-prefix-map=/tmp/build/80754af9/python_1553721932202/work=/usr/local/src/conda/python-3.7.3', '-fdebug-prefix-map=/home/mkris/anaconda3=/usr/local/src/conda-prefix', '-fuse-linker-plugin', '-ffat-lto-objects', '-flto-partition=none', '-flto', '-fwrapv', '-O3', '-I/home/mkris/anaconda3/include/python3.7m', '-DNS3_BUILD_PROFILE_DEBUG', '-DNS3_ASSERT_ENABLE', '-DNS3_LOG_ENABLE', '-DPYTHONDIR="/usr/local/lib/python3.7/site-packages"', '-DPYTHONARCHDIR="/usr/local/lib/python3.7/site-packages"', '-DNDEBUG', '../test.cpp', '-c', '-o/home/mkris/git-clone/natilus-private/natilus-ns3/ns-allinone-3.29/ns-3.29/build/.conf_check_c42552deaddf396e963280f9ee491d7b/testbuild/test.cpp.1.o']
err: g++: error: unrecognized command line option ‘-fno-plt’

from /home/mkris/git-clone/natilus-private/natilus-ns3/ns-allinone-3.29/ns-3.29/bindings/python: Test does not build: Traceback (most recent call last):
  File "/home/mkris/git-clone/natilus-private/natilus-ns3/ns-allinone-3.29/ns-3.29/.waf3-2.0.9-897e824215d3dab2b64982d8af27db90/waflib/Configure.py", line 324, in run_build
    bld.compile()
  File "/home/mkris/git-clone/natilus-private/natilus-ns3/ns-allinone-3.29/ns-3.29/.waf3-2.0.9-897e824215d3dab2b64982d8af27db90/waflib/Build.py", line 176, in compile
    raise Errors.BuildError(self.producer.error)
waflib.Errors.BuildError: Build failed
 -> task in 'testprog' failed with exit status 1 (run with -v to display more information)

Could not build a python embedded interpreter
from /home/mkris/git-clone/natilus-private/natilus-ns3/ns-allinone-3.29/ns-3.29/bindings/python: The configuration failed
------------------------------------------------------------------
Checking boost includes
1_58
------------------------------------------------------------------
Checking boost libs
Found the boost path in /usr/lib/x86_64-linux-gnu with the libraries:
    /usr/lib/x86_64-linux-gnu/libboost_atomic.a
    /usr/lib/x86_64-linux-gnu/libboost_atomic.so
    /usr/lib/x86_64-linux-gnu/libboost_atomic.so.1.58.0
    /usr/lib/x86_64-linux-gnu/libboost_chrono.a
    /usr/lib/x86_64-linux-gnu/libboost_chrono.so
    /usr/lib/x86_64-linux-gnu/libboost_chrono.so.1.58.0
    /usr/lib/x86_64-linux-gnu/libboost_context.a
    /usr/lib/x86_64-linux-gnu/libboost_context.so
    /usr/lib/x86_64-linux-gnu/libboost_context.so.1.58.0
    /usr/lib/x86_64-linux-gnu/libboost_coroutine.a
    /usr/lib/x86_64-linux-gnu/libboost_coroutine.so
    /usr/lib/x86_64-linux-gnu/libboost_coroutine.so.1.58.0
    /usr/lib/x86_64-linux-gnu/libboost_date_time.a
    /usr/lib/x86_64-linux-gnu/libboost_date_time.so
    /usr/lib/x86_64-linux-gnu/libboost_date_time.so.1.58.0
    /usr/lib/x86_64-linux-gnu/libboost_exception.a
    /usr/lib/x86_64-linux-gnu/libboost_filesystem.a
    /usr/lib/x86_64-linux-gnu/libboost_filesystem.so
    /usr/lib/x86_64-linux-gnu/libboost_filesystem.so.1.58.0
    /usr/lib/x86_64-linux-gnu/libboost_graph.a
    /usr/lib/x86_64-linux-gnu/libboost_graph.so
    /usr/lib/x86_64-linux-gnu/libboost_graph.so.1.58.0
    /usr/lib/x86_64-linux-gnu/libboost_graph_parallel.a
    /usr/lib/x86_64-linux-gnu/libboost_graph_parallel.so
    /usr/lib/x86_64-linux-gnu/libboost_graph_parallel.so.1.58.0
    /usr/lib/x86_64-linux-gnu/libboost_iostreams.a
    /usr/lib/x86_64-linux-gnu/libboost_iostreams.so
    /usr/lib/x86_64-linux-gnu/libboost_iostreams.so.1.58.0
    /usr/lib/x86_64-linux-gnu/libboost_locale.a
    /usr/lib/x86_64-linux-gnu/libboost_locale.so
    /usr/lib/x86_64-linux-gnu/libboost_locale.so.1.58.0
    /usr/lib/x86_64-linux-gnu/libboost_log.a
    /usr/lib/x86_64-linux-gnu/libboost_log.so
    /usr/lib/x86_64-linux-gnu/libboost_log.so.1.58.0
    /usr/lib/x86_64-linux-gnu/libboost_log_setup.a
    /usr/lib/x86_64-linux-gnu/libboost_log_setup.so
    /usr/lib/x86_64-linux-gnu/libboost_log_setup.so.1.58.0
    /usr/lib/x86_64-linux-gnu/libboost_math_c99.a
    /usr/lib/x86_64-linux-gnu/libboost_math_c99.so
    /usr/lib/x86_64-linux-gnu/libboost_math_c99.so.1.58.0
    /usr/lib/x86_64-linux-gnu/libboost_math_c99f.a
    /usr/lib/x86_64-linux-gnu/libboost_math_c99f.so
    /usr/lib/x86_64-linux-gnu/libboost_math_c99f.so.1.58.0
    /usr/lib/x86_64-linux-gnu/libboost_math_c99l.a
    /usr/lib/x86_64-linux-gnu/libboost_math_c99l.so
    /usr/lib/x86_64-linux-gnu/libboost_math_c99l.so.1.58.0
    /usr/lib/x86_64-linux-gnu/libboost_math_tr1.a
    /usr/lib/x86_64-linux-gnu/libboost_math_tr1.so
    /usr/lib/x86_64-linux-gnu/libboost_math_tr1.so.1.58.0
    /usr/lib/x86_64-linux-gnu/libboost_math_tr1f.a
    /usr/lib/x86_64-linux-gnu/libboost_math_tr1f.so
    /usr/lib/x86_64-linux-gnu/libboost_math_tr1f.so.1.58.0
    /usr/lib/x86_64-linux-gnu/libboost_math_tr1l.a
    /usr/lib/x86_64-linux-gnu/libboost_math_tr1l.so
    /usr/lib/x86_64-linux-gnu/libboost_math_tr1l.so.1.58.0
    /usr/lib/x86_64-linux-gnu/libboost_mpi.a
    /usr/lib/x86_64-linux-gnu/libboost_mpi.so
    /usr/lib/x86_64-linux-gnu/libboost_mpi.so.1.58.0
    /usr/lib/x86_64-linux-gnu/libboost_mpi_python-py27.a
    /usr/lib/x86_64-linux-gnu/libboost_mpi_python-py27.so
    /usr/lib/x86_64-linux-gnu/libboost_mpi_python-py27.so.1.58.0
    /usr/lib/x86_64-linux-gnu/libboost_mpi_python-py35.a
    /usr/lib/x86_64-linux-gnu/libboost_mpi_python-py35.so
    /usr/lib/x86_64-linux-gnu/libboost_mpi_python-py35.so.1.58.0
    /usr/lib/x86_64-linux-gnu/libboost_mpi_python.a
    /usr/lib/x86_64-linux-gnu/libboost_mpi_python.so
    /usr/lib/x86_64-linux-gnu/libboost_prg_exec_monitor.a
    /usr/lib/x86_64-linux-gnu/libboost_prg_exec_monitor.so
    /usr/lib/x86_64-linux-gnu/libboost_prg_exec_monitor.so.1.58.0
    /usr/lib/x86_64-linux-gnu/libboost_program_options.a
    /usr/lib/x86_64-linux-gnu/libboost_program_options.so
    /usr/lib/x86_64-linux-gnu/libboost_program_options.so.1.58.0
    /usr/lib/x86_64-linux-gnu/libboost_python-py27.a
    /usr/lib/x86_64-linux-gnu/libboost_python-py27.so
    /usr/lib/x86_64-linux-gnu/libboost_python-py27.so.1.58.0
    /usr/lib/x86_64-linux-gnu/libboost_python-py35.a
    /usr/lib/x86_64-linux-gnu/libboost_python-py35.so
    /usr/lib/x86_64-linux-gnu/libboost_python-py35.so.1.58.0
    /usr/lib/x86_64-linux-gnu/libboost_python.a
    /usr/lib/x86_64-linux-gnu/libboost_python.so
    /usr/lib/x86_64-linux-gnu/libboost_random.a
    /usr/lib/x86_64-linux-gnu/libboost_random.so
    /usr/lib/x86_64-linux-gnu/libboost_random.so.1.58.0
    /usr/lib/x86_64-linux-gnu/libboost_regex.a
    /usr/lib/x86_64-linux-gnu/libboost_regex.so
    /usr/lib/x86_64-linux-gnu/libboost_regex.so.1.58.0
    /usr/lib/x86_64-linux-gnu/libboost_serialization.a
    /usr/lib/x86_64-linux-gnu/libboost_serialization.so
    /usr/lib/x86_64-linux-gnu/libboost_serialization.so.1.58.0
    /usr/lib/x86_64-linux-gnu/libboost_signals.a
    /usr/lib/x86_64-linux-gnu/libboost_signals.so
    /usr/lib/x86_64-linux-gnu/libboost_signals.so.1.58.0
    /usr/lib/x86_64-linux-gnu/libboost_system.a
    /usr/lib/x86_64-linux-gnu/libboost_system.so
    /usr/lib/x86_64-linux-gnu/libboost_system.so.1.58.0
    /usr/lib/x86_64-linux-gnu/libboost_test_exec_monitor.a
    /usr/lib/x86_64-linux-gnu/libboost_thread.a
    /usr/lib/x86_64-linux-gnu/libboost_thread.so
    /usr/lib/x86_64-linux-gnu/libboost_thread.so.1.58.0
    /usr/lib/x86_64-linux-gnu/libboost_timer.a
    /usr/lib/x86_64-linux-gnu/libboost_timer.so
    /usr/lib/x86_64-linux-gnu/libboost_timer.so.1.58.0
    /usr/lib/x86_64-linux-gnu/libboost_unit_test_framework.a
    /usr/lib/x86_64-linux-gnu/libboost_unit_test_framework.so
    /usr/lib/x86_64-linux-gnu/libboost_unit_test_framework.so.1.58.0
    /usr/lib/x86_64-linux-gnu/libboost_wave.a
    /usr/lib/x86_64-linux-gnu/libboost_wave.so
    /usr/lib/x86_64-linux-gnu/libboost_wave.so.1.58.0
    /usr/lib/x86_64-linux-gnu/libboost_wserialization.a
    /usr/lib/x86_64-linux-gnu/libboost_wserialization.so
    /usr/lib/x86_64-linux-gnu/libboost_wserialization.so.1.58.0
Trying pattern boost_system(-gcc[0-9]{0,3})-1_58.so$
Trying pattern boost_system-1_58.so$
Trying pattern boost_system(-gcc[0-9]{0,3}).so$
Trying pattern boost_system.so$
Found boost lib /usr/lib/x86_64-linux-gnu/libboost_system.so
Trying pattern boost_signals(-gcc[0-9]{0,3})-1_58.so$
Trying pattern boost_signals-1_58.so$
Trying pattern boost_signals(-gcc[0-9]{0,3}).so$
Trying pattern boost_signals.so$
Found boost lib /usr/lib/x86_64-linux-gnu/libboost_signals.so
Trying pattern boost_filesystem(-gcc[0-9]{0,3})-1_58.so$
Trying pattern boost_filesystem-1_58.so$
Trying pattern boost_filesystem(-gcc[0-9]{0,3}).so$
Trying pattern boost_filesystem.so$
Found boost lib /usr/lib/x86_64-linux-gnu/libboost_filesystem.so
ok
------------------------------------------------------------------
Checking for boost linkage
==>

#include <boost/system/error_code.hpp>
int main() { boost::system::error_code c; }

<==
[1/2] Compiling [32mbuild/.conf_check_b0676bf7b8eb2a3c2925f4a58c4dd7e2/test.cpp[0m

['/usr/bin/g++', '-O0', '-ggdb', '-g3', '-Wall', '-Werror', '-std=c++11', '-I/usr/include', '-DNS3_BUILD_PROFILE_DEBUG', '-DNS3_ASSERT_ENABLE', '-DNS3_LOG_ENABLE', '-DPYTHONDIR="/usr/local/lib/python3.7/site-packages"', '-DPYTHONARCHDIR="/usr/local/lib/python3.7/site-packages"', '../test.cpp', '-c', '-o/home/mkris/git-clone/natilus-private/natilus-ns3/ns-allinone-3.29/ns-3.29/build/.conf_check_b0676bf7b8eb2a3c2925f4a58c4dd7e2/testbuild/test.cpp.1.o']
[2/2] Linking [33mbuild/.conf_check_b0676bf7b8eb2a3c2925f4a58c4dd7e2/testbuild/testprog[0m

['/usr/bin/g++', 'test.cpp.1.o', '-o', '/home/mkris/git-clone/natilus-private/natilus-ns3/ns-allinone-3.29/ns-3.29/build/.conf_check_b0676bf7b8eb2a3c2925f4a58c4dd7e2/testbuild/testprog', '-Wl,-Bstatic', '-L/usr/lib/x86_64-linux-gnu', '-Wl,-Bdynamic', '-L/usr/lib/x86_64-linux-gnu', '-lboost_system', '-lboost_signals', '-lboost_filesystem']
ok
------------------------------------------------------------------
Checking for click location
not found
------------------------------------------------------------------
Checking for program 'pkg-config'
/usr/bin/pkg-config
find program=['pkg-config'] paths=['/home/mkris/anaconda3/bin', '/home/mkris/anaconda3/condabin', '/opt/gradle/gradle-5.0/bin', '/usr/local/sbin', '/usr/local/bin', '/usr/sbin', '/usr/bin', '/sbin', '/bin', '/usr/games', '/usr/local/games', '/usr/local/cuda-10.0/bin', '/opt/maven/bin', '/snap/bin'] var='PKGCONFIG' -> ['/usr/bin/pkg-config']
------------------------------------------------------------------
Checking for 'gtk+-3.0'
['/usr/bin/pkg-config', '--cflags', '--libs', 'gtk+-3.0']
err: Package gtk+-3.0 was not found in the pkg-config search path.
Perhaps you should add the directory containing `gtk+-3.0.pc'
to the PKG_CONFIG_PATH environment variable
No package 'gtk+-3.0' found

not found
from /home/mkris/git-clone/natilus-private/natilus-ns3/ns-allinone-3.29/ns-3.29/src/config-store: The configuration failed
------------------------------------------------------------------
Checking for 'libxml-2.0'
['/usr/bin/pkg-config', '--cflags', '--libs', 'libxml-2.0']
out: -I/usr/include/libxml2 -lxml2

yes
------------------------------------------------------------------
checking for uint128_t
==>

        #include <stdint.h>
        
        int main(int argc, char **argv) {
	(void)argc; (void)argv;
	if ((uint128_t *) 0) return 0;
	if (sizeof (uint128_t)) return 0;
	return 1;
        }
        
<==
[1/2] Compiling [32mbuild/.conf_check_7f11dca5d2e3a400389103b1d3709f2b/test.cpp[0m

['/usr/bin/g++', '-O0', '-ggdb', '-g3', '-Wall', '-Werror', '-std=c++11', '-DNS3_BUILD_PROFILE_DEBUG', '-DNS3_ASSERT_ENABLE', '-DNS3_LOG_ENABLE', '../test.cpp', '-c', '-o/home/mkris/git-clone/natilus-private/natilus-ns3/ns-allinone-3.29/ns-3.29/build/.conf_check_7f11dca5d2e3a400389103b1d3709f2b/testbuild/test.cpp.1.o']
err: ../test.cpp: In function ‘int main(int, char**)’:
../test.cpp:6:7: error: ‘uint128_t’ was not declared in this scope
  if ((uint128_t *) 0) return 0;
       ^
../test.cpp:6:18: error: expected primary-expression before ‘)’ token
  if ((uint128_t *) 0) return 0;
                  ^
../test.cpp:6:20: error: expected ‘)’ before numeric constant
  if ((uint128_t *) 0) return 0;
                    ^
../test.cpp:7:14: error: ‘uint128_t’ was not declared in this scope
  if (sizeof (uint128_t)) return 0;
              ^

from /home/mkris/git-clone/natilus-private/natilus-ns3/ns-allinone-3.29/ns-3.29/src/core: Test does not build: Traceback (most recent call last):
  File "/home/mkris/git-clone/natilus-private/natilus-ns3/ns-allinone-3.29/ns-3.29/.waf3-2.0.9-897e824215d3dab2b64982d8af27db90/waflib/Configure.py", line 324, in run_build
    bld.compile()
  File "/home/mkris/git-clone/natilus-private/natilus-ns3/ns-allinone-3.29/ns-3.29/.waf3-2.0.9-897e824215d3dab2b64982d8af27db90/waflib/Build.py", line 176, in compile
    raise Errors.BuildError(self.producer.error)
waflib.Errors.BuildError: Build failed
 -> task in 'testprog' failed with exit status 1 (run with -v to display more information)

not found
from /home/mkris/git-clone/natilus-private/natilus-ns3/ns-allinone-3.29/ns-3.29/src/core: The configuration failed
------------------------------------------------------------------
checking for __uint128_t
==>

        #include <stdint.h>
        
        int main(int argc, char **argv) {
	(void)argc; (void)argv;
	if ((__uint128_t *) 0) return 0;
	if (sizeof (__uint128_t)) return 0;
	return 1;
        }
        
<==
[1/2] Compiling [32mbuild/.conf_check_11067387d7e7d60f705ccc41f42de6a5/test.cpp[0m

['/usr/bin/g++', '-O0', '-ggdb', '-g3', '-Wall', '-Werror', '-std=c++11', '-DNS3_BUILD_PROFILE_DEBUG', '-DNS3_ASSERT_ENABLE', '-DNS3_LOG_ENABLE', '../test.cpp', '-c', '-o/home/mkris/git-clone/natilus-private/natilus-ns3/ns-allinone-3.29/ns-3.29/build/.conf_check_11067387d7e7d60f705ccc41f42de6a5/testbuild/test.cpp.1.o']
[2/2] Linking [33mbuild/.conf_check_11067387d7e7d60f705ccc41f42de6a5/testbuild/testprog[0m

['/usr/bin/g++', 'test.cpp.1.o', '-o', '/home/mkris/git-clone/natilus-private/natilus-ns3/ns-allinone-3.29/ns-3.29/build/.conf_check_11067387d7e7d60f705ccc41f42de6a5/testbuild/testprog', '-Wl,-Bstatic', '-Wl,-Bdynamic']
yes
------------------------------------------------------------------
Checking high precision implementation
128-bit integer (default)
------------------------------------------------------------------
Checking for header stdint.h
==>
#include <stdint.h>

int main(int argc, char **argv) {
	(void)argc; (void)argv;
	return 0;
}

<==
[1/2] Compiling [32mbuild/.conf_check_02bb8dfced6b06f286d6f44bb03675f4/test.cpp[0m

['/usr/bin/g++', '-O0', '-ggdb', '-g3', '-Wall', '-Werror', '-std=c++11', '-DNS3_BUILD_PROFILE_DEBUG', '-DNS3_ASSERT_ENABLE', '-DNS3_LOG_ENABLE', '-DHAVE___UINT128_T=1', '-DINT64X64_USE_128=1', '../test.cpp', '-c', '-o/home/mkris/git-clone/natilus-private/natilus-ns3/ns-allinone-3.29/ns-3.29/build/.conf_check_02bb8dfced6b06f286d6f44bb03675f4/testbuild/test.cpp.1.o']
[2/2] Linking [33mbuild/.conf_check_02bb8dfced6b06f286d6f44bb03675f4/testbuild/testprog[0m

['/usr/bin/g++', 'test.cpp.1.o', '-o', '/home/mkris/git-clone/natilus-private/natilus-ns3/ns-allinone-3.29/ns-3.29/build/.conf_check_02bb8dfced6b06f286d6f44bb03675f4/testbuild/testprog', '-Wl,-Bstatic', '-Wl,-Bdynamic']
yes
------------------------------------------------------------------
Checking for header inttypes.h
==>
#include <inttypes.h>

int main(int argc, char **argv) {
	(void)argc; (void)argv;
	return 0;
}

<==
[1/2] Compiling [32mbuild/.conf_check_1ffd4b6c30a21dbbb967562915c18227/test.cpp[0m

['/usr/bin/g++', '-O0', '-ggdb', '-g3', '-Wall', '-Werror', '-std=c++11', '-DNS3_BUILD_PROFILE_DEBUG', '-DNS3_ASSERT_ENABLE', '-DNS3_LOG_ENABLE', '-DHAVE___UINT128_T=1', '-DINT64X64_USE_128=1', '-DHAVE_STDINT_H=1', '../test.cpp', '-c', '-o/home/mkris/git-clone/natilus-private/natilus-ns3/ns-allinone-3.29/ns-3.29/build/.conf_check_1ffd4b6c30a21dbbb967562915c18227/testbuild/test.cpp.1.o']
[2/2] Linking [33mbuild/.conf_check_1ffd4b6c30a21dbbb967562915c18227/testbuild/testprog[0m

['/usr/bin/g++', 'test.cpp.1.o', '-o', '/home/mkris/git-clone/natilus-private/natilus-ns3/ns-allinone-3.29/ns-3.29/build/.conf_check_1ffd4b6c30a21dbbb967562915c18227/testbuild/testprog', '-Wl,-Bstatic', '-Wl,-Bdynamic']
yes
------------------------------------------------------------------
Checking for header sys/inttypes.h
==>
#include <sys/inttypes.h>

int main(int argc, char **argv) {
	(void)argc; (void)argv;
	return 0;
}

<==
[1/2] Compiling [32mbuild/.conf_check_905d43dae38df9886102c626044fec7c/test.cpp[0m

['/usr/bin/g++', '-O0', '-ggdb', '-g3', '-Wall', '-Werror', '-std=c++11', '-DNS3_BUILD_PROFILE_DEBUG', '-DNS3_ASSERT_ENABLE', '-DNS3_LOG_ENABLE', '-DHAVE___UINT128_T=1', '-DINT64X64_USE_128=1', '-DHAVE_STDINT_H=1', '-DHAVE_INTTYPES_H=1', '../test.cpp', '-c', '-o/home/mkris/git-clone/natilus-private/natilus-ns3/ns-allinone-3.29/ns-3.29/build/.conf_check_905d43dae38df9886102c626044fec7c/testbuild/test.cpp.1.o']
err: ../test.cpp:1:26: fatal error: sys/inttypes.h: No such file or directory
 #include <sys/inttypes.h>
                          ^
compilation terminated.

from /home/mkris/git-clone/natilus-private/natilus-ns3/ns-allinone-3.29/ns-3.29/src/core: Test does not build: Traceback (most recent call last):
  File "/home/mkris/git-clone/natilus-private/natilus-ns3/ns-allinone-3.29/ns-3.29/.waf3-2.0.9-897e824215d3dab2b64982d8af27db90/waflib/Configure.py", line 324, in run_build
    bld.compile()
  File "/home/mkris/git-clone/natilus-private/natilus-ns3/ns-allinone-3.29/ns-3.29/.waf3-2.0.9-897e824215d3dab2b64982d8af27db90/waflib/Build.py", line 176, in compile
    raise Errors.BuildError(self.producer.error)
waflib.Errors.BuildError: Build failed
 -> task in 'testprog' failed with exit status 1 (run with -v to display more information)

not found
from /home/mkris/git-clone/natilus-private/natilus-ns3/ns-allinone-3.29/ns-3.29/src/core: The configuration failed
------------------------------------------------------------------
Checking for header sys/types.h
==>
#include <sys/types.h>

int main(int argc, char **argv) {
	(void)argc; (void)argv;
	return 0;
}

<==
[1/2] Compiling [32mbuild/.conf_check_3d8ce41dfa5768c8a8e03ac84530d286/test.cpp[0m

['/usr/bin/g++', '-O0', '-ggdb', '-g3', '-Wall', '-Werror', '-std=c++11', '-DNS3_BUILD_PROFILE_DEBUG', '-DNS3_ASSERT_ENABLE', '-DNS3_LOG_ENABLE', '-DHAVE___UINT128_T=1', '-DINT64X64_USE_128=1', '-DHAVE_STDINT_H=1', '-DHAVE_INTTYPES_H=1', '../test.cpp', '-c', '-o/home/mkris/git-clone/natilus-private/natilus-ns3/ns-allinone-3.29/ns-3.29/build/.conf_check_3d8ce41dfa5768c8a8e03ac84530d286/testbuild/test.cpp.1.o']
[2/2] Linking [33mbuild/.conf_check_3d8ce41dfa5768c8a8e03ac84530d286/testbuild/testprog[0m

['/usr/bin/g++', 'test.cpp.1.o', '-o', '/home/mkris/git-clone/natilus-private/natilus-ns3/ns-allinone-3.29/ns-3.29/build/.conf_check_3d8ce41dfa5768c8a8e03ac84530d286/testbuild/testprog', '-Wl,-Bstatic', '-Wl,-Bdynamic']
yes
------------------------------------------------------------------
Checking for header sys/stat.h
==>
#include <sys/stat.h>

int main(int argc, char **argv) {
	(void)argc; (void)argv;
	return 0;
}

<==
[1/2] Compiling [32mbuild/.conf_check_8c3cb73bf0b32f975d25db37d4cc2193/test.cpp[0m

['/usr/bin/g++', '-O0', '-ggdb', '-g3', '-Wall', '-Werror', '-std=c++11', '-DNS3_BUILD_PROFILE_DEBUG', '-DNS3_ASSERT_ENABLE', '-DNS3_LOG_ENABLE', '-DHAVE___UINT128_T=1', '-DINT64X64_USE_128=1', '-DHAVE_STDINT_H=1', '-DHAVE_INTTYPES_H=1', '-DHAVE_SYS_TYPES_H=1', '../test.cpp', '-c', '-o/home/mkris/git-clone/natilus-private/natilus-ns3/ns-allinone-3.29/ns-3.29/build/.conf_check_8c3cb73bf0b32f975d25db37d4cc2193/testbuild/test.cpp.1.o']
[2/2] Linking [33mbuild/.conf_check_8c3cb73bf0b32f975d25db37d4cc2193/testbuild/testprog[0m

['/usr/bin/g++', 'test.cpp.1.o', '-o', '/home/mkris/git-clone/natilus-private/natilus-ns3/ns-allinone-3.29/ns-3.29/build/.conf_check_8c3cb73bf0b32f975d25db37d4cc2193/testbuild/testprog', '-Wl,-Bstatic', '-Wl,-Bdynamic']
yes
------------------------------------------------------------------
Checking for header dirent.h
==>
#include <dirent.h>

int main(int argc, char **argv) {
	(void)argc; (void)argv;
	return 0;
}

<==
[1/2] Compiling [32mbuild/.conf_check_fdf3a0fee406c46e824b6df77b280b68/test.cpp[0m

['/usr/bin/g++', '-O0', '-ggdb', '-g3', '-Wall', '-Werror', '-std=c++11', '-DNS3_BUILD_PROFILE_DEBUG', '-DNS3_ASSERT_ENABLE', '-DNS3_LOG_ENABLE', '-DHAVE___UINT128_T=1', '-DINT64X64_USE_128=1', '-DHAVE_STDINT_H=1', '-DHAVE_INTTYPES_H=1', '-DHAVE_SYS_TYPES_H=1', '-DHAVE_SYS_STAT_H=1', '../test.cpp', '-c', '-o/home/mkris/git-clone/natilus-private/natilus-ns3/ns-allinone-3.29/ns-3.29/build/.conf_check_fdf3a0fee406c46e824b6df77b280b68/testbuild/test.cpp.1.o']
[2/2] Linking [33mbuild/.conf_check_fdf3a0fee406c46e824b6df77b280b68/testbuild/testprog[0m

['/usr/bin/g++', 'test.cpp.1.o', '-o', '/home/mkris/git-clone/natilus-private/natilus-ns3/ns-allinone-3.29/ns-3.29/build/.conf_check_fdf3a0fee406c46e824b6df77b280b68/testbuild/testprog', '-Wl,-Bstatic', '-Wl,-Bdynamic']
yes
------------------------------------------------------------------
Checking for header stdlib.h
==>
#include <stdlib.h>

int main(int argc, char **argv) {
	(void)argc; (void)argv;
	return 0;
}

<==
[1/2] Compiling [32mbuild/.conf_check_e84adb0781482bd7444e2a9098dcc000/test.cpp[0m

['/usr/bin/g++', '-O0', '-ggdb', '-g3', '-Wall', '-Werror', '-std=c++11', '-DNS3_BUILD_PROFILE_DEBUG', '-DNS3_ASSERT_ENABLE', '-DNS3_LOG_ENABLE', '-DHAVE___UINT128_T=1', '-DINT64X64_USE_128=1', '-DHAVE_STDINT_H=1', '-DHAVE_INTTYPES_H=1', '-DHAVE_SYS_TYPES_H=1', '-DHAVE_SYS_STAT_H=1', '-DHAVE_DIRENT_H=1', '../test.cpp', '-c', '-o/home/mkris/git-clone/natilus-private/natilus-ns3/ns-allinone-3.29/ns-3.29/build/.conf_check_e84adb0781482bd7444e2a9098dcc000/testbuild/test.cpp.1.o']
[2/2] Linking [33mbuild/.conf_check_e84adb0781482bd7444e2a9098dcc000/testbuild/testprog[0m

['/usr/bin/g++', 'test.cpp.1.o', '-o', '/home/mkris/git-clone/natilus-private/natilus-ns3/ns-allinone-3.29/ns-3.29/build/.conf_check_e84adb0781482bd7444e2a9098dcc000/testbuild/testprog', '-Wl,-Bstatic', '-Wl,-Bdynamic']
yes
------------------------------------------------------------------
Checking for header signal.h
==>
#include <signal.h>

int main(int argc, char **argv) {
	(void)argc; (void)argv;
	return 0;
}

<==
[1/2] Compiling [32mbuild/.conf_check_bd4152e9dbafcc8e24edd4fa71d3a6a6/test.cpp[0m

['/usr/bin/g++', '-O0', '-ggdb', '-g3', '-Wall', '-Werror', '-std=c++11', '-DNS3_BUILD_PROFILE_DEBUG', '-DNS3_ASSERT_ENABLE', '-DNS3_LOG_ENABLE', '-DHAVE___UINT128_T=1', '-DINT64X64_USE_128=1', '-DHAVE_STDINT_H=1', '-DHAVE_INTTYPES_H=1', '-DHAVE_SYS_TYPES_H=1', '-DHAVE_SYS_STAT_H=1', '-DHAVE_DIRENT_H=1', '-DHAVE_STDLIB_H=1', '-DHAVE_GETENV=1', '../test.cpp', '-c', '-o/home/mkris/git-clone/natilus-private/natilus-ns3/ns-allinone-3.29/ns-3.29/build/.conf_check_bd4152e9dbafcc8e24edd4fa71d3a6a6/testbuild/test.cpp.1.o']
[2/2] Linking [33mbuild/.conf_check_bd4152e9dbafcc8e24edd4fa71d3a6a6/testbuild/testprog[0m

['/usr/bin/g++', 'test.cpp.1.o', '-o', '/home/mkris/git-clone/natilus-private/natilus-ns3/ns-allinone-3.29/ns-3.29/build/.conf_check_bd4152e9dbafcc8e24edd4fa71d3a6a6/testbuild/testprog', '-Wl,-Bstatic', '-Wl,-Bdynamic']
yes
------------------------------------------------------------------
Checking for header pthread.h
==>

#include <pthread.h>
int main ()
{
   pthread_mutex_t m;
   pthread_mutex_init (&m, NULL);
   return 0;
}

<==
[1/2] Compiling [32mbuild/.conf_check_f5a42c9e90f3d1218cfb1004e73bdb38/test.cpp[0m

['/usr/bin/g++', '-O0', '-ggdb', '-g3', '-Wall', '-Werror', '-std=c++11', '-pthread', '-DNS3_BUILD_PROFILE_DEBUG', '-DNS3_ASSERT_ENABLE', '-DNS3_LOG_ENABLE', '-DHAVE___UINT128_T=1', '-DINT64X64_USE_128=1', '-DHAVE_STDINT_H=1', '-DHAVE_INTTYPES_H=1', '-DHAVE_SYS_TYPES_H=1', '-DHAVE_SYS_STAT_H=1', '-DHAVE_DIRENT_H=1', '-DHAVE_STDLIB_H=1', '-DHAVE_GETENV=1', '-DHAVE_SIGNAL_H=1', '../test.cpp', '-c', '-o/home/mkris/git-clone/natilus-private/natilus-ns3/ns-allinone-3.29/ns-3.29/build/.conf_check_f5a42c9e90f3d1218cfb1004e73bdb38/testbuild/test.cpp.1.o']
[2/2] Linking [33mbuild/.conf_check_f5a42c9e90f3d1218cfb1004e73bdb38/testbuild/testprog[0m

['/usr/bin/g++', '-pthread', 'test.cpp.1.o', '-o', '/home/mkris/git-clone/natilus-private/natilus-ns3/ns-allinone-3.29/ns-3.29/build/.conf_check_f5a42c9e90f3d1218cfb1004e73bdb38/testbuild/testprog', '-Wl,-Bstatic', '-Wl,-Bdynamic']
yes
------------------------------------------------------------------
Checking for header stdint.h
==>
#include <stdint.h>

int main(int argc, char **argv) {
	(void)argc; (void)argv;
	return 0;
}

<==
[1/2] Compiling [32mbuild/.conf_check_02bb8dfced6b06f286d6f44bb03675f4/test.cpp[0m

['/usr/bin/g++', '-O0', '-ggdb', '-g3', '-Wall', '-Werror', '-std=c++11', '-DNS3_BUILD_PROFILE_DEBUG', '-DNS3_ASSERT_ENABLE', '-DNS3_LOG_ENABLE', '-DHAVE___UINT128_T=1', '-DINT64X64_USE_128=1', '-DHAVE_INTTYPES_H=1', '-DHAVE_SYS_TYPES_H=1', '-DHAVE_SYS_STAT_H=1', '-DHAVE_DIRENT_H=1', '-DHAVE_STDLIB_H=1', '-DHAVE_GETENV=1', '-DHAVE_SIGNAL_H=1', '-DHAVE_PTHREAD_H=1', '../test.cpp', '-c', '-o/home/mkris/git-clone/natilus-private/natilus-ns3/ns-allinone-3.29/ns-3.29/build/.conf_check_02bb8dfced6b06f286d6f44bb03675f4/testbuild/test.cpp.1.o']
[2/2] Linking [33mbuild/.conf_check_02bb8dfced6b06f286d6f44bb03675f4/testbuild/testprog[0m

['/usr/bin/g++', 'test.cpp.1.o', '-o', '/home/mkris/git-clone/natilus-private/natilus-ns3/ns-allinone-3.29/ns-3.29/build/.conf_check_02bb8dfced6b06f286d6f44bb03675f4/testbuild/testprog', '-Wl,-Bstatic', '-Wl,-Bdynamic']
yes
------------------------------------------------------------------
Checking for header inttypes.h
==>
#include <inttypes.h>

int main(int argc, char **argv) {
	(void)argc; (void)argv;
	return 0;
}

<==
[1/2] Compiling [32mbuild/.conf_check_1ffd4b6c30a21dbbb967562915c18227/test.cpp[0m

['/usr/bin/g++', '-O0', '-ggdb', '-g3', '-Wall', '-Werror', '-std=c++11', '-DNS3_BUILD_PROFILE_DEBUG', '-DNS3_ASSERT_ENABLE', '-DNS3_LOG_ENABLE', '-DHAVE___UINT128_T=1', '-DINT64X64_USE_128=1', '-DHAVE_SYS_TYPES_H=1', '-DHAVE_SYS_STAT_H=1', '-DHAVE_DIRENT_H=1', '-DHAVE_STDLIB_H=1', '-DHAVE_GETENV=1', '-DHAVE_SIGNAL_H=1', '-DHAVE_PTHREAD_H=1', '-DHAVE_STDINT_H=1', '../test.cpp', '-c', '-o/home/mkris/git-clone/natilus-private/natilus-ns3/ns-allinone-3.29/ns-3.29/build/.conf_check_1ffd4b6c30a21dbbb967562915c18227/testbuild/test.cpp.1.o']
[2/2] Linking [33mbuild/.conf_check_1ffd4b6c30a21dbbb967562915c18227/testbuild/testprog[0m

['/usr/bin/g++', 'test.cpp.1.o', '-o', '/home/mkris/git-clone/natilus-private/natilus-ns3/ns-allinone-3.29/ns-3.29/build/.conf_check_1ffd4b6c30a21dbbb967562915c18227/testbuild/testprog', '-Wl,-Bstatic', '-Wl,-Bdynamic']
yes
------------------------------------------------------------------
Checking for header sys/inttypes.h
==>
#include <sys/inttypes.h>

int main(int argc, char **argv) {
	(void)argc; (void)argv;
	return 0;
}

<==
[1/2] Compiling [32mbuild/.conf_check_905d43dae38df9886102c626044fec7c/test.cpp[0m

['/usr/bin/g++', '-O0', '-ggdb', '-g3', '-Wall', '-Werror', '-std=c++11', '-DNS3_BUILD_PROFILE_DEBUG', '-DNS3_ASSERT_ENABLE', '-DNS3_LOG_ENABLE', '-DHAVE___UINT128_T=1', '-DINT64X64_USE_128=1', '-DHAVE_SYS_TYPES_H=1', '-DHAVE_SYS_STAT_H=1', '-DHAVE_DIRENT_H=1', '-DHAVE_STDLIB_H=1', '-DHAVE_GETENV=1', '-DHAVE_SIGNAL_H=1', '-DHAVE_PTHREAD_H=1', '-DHAVE_STDINT_H=1', '-DHAVE_INTTYPES_H=1', '../test.cpp', '-c', '-o/home/mkris/git-clone/natilus-private/natilus-ns3/ns-allinone-3.29/ns-3.29/build/.conf_check_905d43dae38df9886102c626044fec7c/testbuild/test.cpp.1.o']
err: ../test.cpp:1:26: fatal error: sys/inttypes.h: No such file or directory
 #include <sys/inttypes.h>
                          ^
compilation terminated.

from /home/mkris/git-clone/natilus-private/natilus-ns3/ns-allinone-3.29/ns-3.29/src/core: Test does not build: Traceback (most recent call last):
  File "/home/mkris/git-clone/natilus-private/natilus-ns3/ns-allinone-3.29/ns-3.29/.waf3-2.0.9-897e824215d3dab2b64982d8af27db90/waflib/Configure.py", line 324, in run_build
    bld.compile()
  File "/home/mkris/git-clone/natilus-private/natilus-ns3/ns-allinone-3.29/ns-3.29/.waf3-2.0.9-897e824215d3dab2b64982d8af27db90/waflib/Build.py", line 176, in compile
    raise Errors.BuildError(self.producer.error)
waflib.Errors.BuildError: Build failed
 -> task in 'testprog' failed with exit status 1 (run with -v to display more information)

not found
from /home/mkris/git-clone/natilus-private/natilus-ns3/ns-allinone-3.29/ns-3.29/src/core: The configuration failed
------------------------------------------------------------------
Checking for library rt
==>

int main(int argc, char **argv) {
	(void)argc; (void)argv;
	return 0;
}

<==
[1/2] Compiling [32mbuild/.conf_check_85995cdcfc25353e0f0f39e2eeafba28/test.cpp[0m

['/usr/bin/g++', '-O0', '-ggdb', '-g3', '-Wall', '-Werror', '-std=c++11', '-pthread', '-DNS3_BUILD_PROFILE_DEBUG', '-DNS3_ASSERT_ENABLE', '-DNS3_LOG_ENABLE', '-DHAVE___UINT128_T=1', '-DINT64X64_USE_128=1', '-DHAVE_SYS_TYPES_H=1', '-DHAVE_SYS_STAT_H=1', '-DHAVE_DIRENT_H=1', '-DHAVE_STDLIB_H=1', '-DHAVE_GETENV=1', '-DHAVE_SIGNAL_H=1', '-DHAVE_PTHREAD_H=1', '-DHAVE_STDINT_H=1', '-DHAVE_INTTYPES_H=1', '../test.cpp', '-c', '-o/home/mkris/git-clone/natilus-private/natilus-ns3/ns-allinone-3.29/ns-3.29/build/.conf_check_85995cdcfc25353e0f0f39e2eeafba28/testbuild/test.cpp.1.o']
[2/2] Linking [33mbuild/.conf_check_85995cdcfc25353e0f0f39e2eeafba28/testbuild/testprog[0m

['/usr/bin/g++', '-pthread', 'test.cpp.1.o', '-o', '/home/mkris/git-clone/natilus-private/natilus-ns3/ns-allinone-3.29/ns-3.29/build/.conf_check_85995cdcfc25353e0f0f39e2eeafba28/testbuild/testprog', '-Wl,-Bstatic', '-Wl,-Bdynamic', '-lrt']
yes
------------------------------------------------------------------
Checking for header sys/ioctl.h
==>
#include <sys/ioctl.h>

int main(int argc, char **argv) {
	(void)argc; (void)argv;
	return 0;
}

<==
[1/2] Compiling [32mbuild/.conf_check_6aa772c44c94d8cadfab6d52abd2888b/test.cpp[0m

['/usr/bin/g++', '-O0', '-ggdb', '-g3', '-Wall', '-Werror', '-std=c++11', '-DNS3_BUILD_PROFILE_DEBUG', '-DNS3_ASSERT_ENABLE', '-DNS3_LOG_ENABLE', '../test.cpp', '-c', '-o/home/mkris/git-clone/natilus-private/natilus-ns3/ns-allinone-3.29/ns-3.29/build/.conf_check_6aa772c44c94d8cadfab6d52abd2888b/testbuild/test.cpp.1.o']
[2/2] Linking [33mbuild/.conf_check_6aa772c44c94d8cadfab6d52abd2888b/testbuild/testprog[0m

['/usr/bin/g++', 'test.cpp.1.o', '-o', '/home/mkris/git-clone/natilus-private/natilus-ns3/ns-allinone-3.29/ns-3.29/build/.conf_check_6aa772c44c94d8cadfab6d52abd2888b/testbuild/testprog', '-Wl,-Bstatic', '-Wl,-Bdynamic']
yes
------------------------------------------------------------------
Checking for header net/if.h
==>
#include <net/if.h>

int main(int argc, char **argv) {
	(void)argc; (void)argv;
	return 0;
}

<==
[1/2] Compiling [32mbuild/.conf_check_adfc9520882851eafd604e89282cf7df/test.cpp[0m

['/usr/bin/g++', '-O0', '-ggdb', '-g3', '-Wall', '-Werror', '-std=c++11', '-DNS3_BUILD_PROFILE_DEBUG', '-DNS3_ASSERT_ENABLE', '-DNS3_LOG_ENABLE', '-DHAVE_SYS_IOCTL_H=1', '../test.cpp', '-c', '-o/home/mkris/git-clone/natilus-private/natilus-ns3/ns-allinone-3.29/ns-3.29/build/.conf_check_adfc9520882851eafd604e89282cf7df/testbuild/test.cpp.1.o']
[2/2] Linking [33mbuild/.conf_check_adfc9520882851eafd604e89282cf7df/testbuild/testprog[0m

['/usr/bin/g++', 'test.cpp.1.o', '-o', '/home/mkris/git-clone/natilus-private/natilus-ns3/ns-allinone-3.29/ns-3.29/build/.conf_check_adfc9520882851eafd604e89282cf7df/testbuild/testprog', '-Wl,-Bstatic', '-Wl,-Bdynamic']
yes
------------------------------------------------------------------
Checking for header net/ethernet.h
==>
#include <net/ethernet.h>

int main(int argc, char **argv) {
	(void)argc; (void)argv;
	return 0;
}

<==
[1/2] Compiling [32mbuild/.conf_check_9201874d4184dccaf7985973e84df0be/test.cpp[0m

['/usr/bin/g++', '-O0', '-ggdb', '-g3', '-Wall', '-Werror', '-std=c++11', '-DNS3_BUILD_PROFILE_DEBUG', '-DNS3_ASSERT_ENABLE', '-DNS3_LOG_ENABLE', '-DHAVE_SYS_IOCTL_H=1', '-DHAVE_IF_NETS_H=1', '../test.cpp', '-c', '-o/home/mkris/git-clone/natilus-private/natilus-ns3/ns-allinone-3.29/ns-3.29/build/.conf_check_9201874d4184dccaf7985973e84df0be/testbuild/test.cpp.1.o']
[2/2] Linking [33mbuild/.conf_check_9201874d4184dccaf7985973e84df0be/testbuild/testprog[0m

['/usr/bin/g++', 'test.cpp.1.o', '-o', '/home/mkris/git-clone/natilus-private/natilus-ns3/ns-allinone-3.29/ns-3.29/build/.conf_check_9201874d4184dccaf7985973e84df0be/testbuild/testprog', '-Wl,-Bstatic', '-Wl,-Bdynamic']
yes
------------------------------------------------------------------
Checking for header linux/if_tun.h
==>
#include <linux/if_tun.h>

int main(int argc, char **argv) {
	(void)argc; (void)argv;
	return 0;
}

<==
[1/2] Compiling [32mbuild/.conf_check_186af731951e3b9eaf1967ae14f844c9/test.cpp[0m

['/usr/bin/g++', '-O0', '-ggdb', '-g3', '-Wall', '-Werror', '-std=c++11', '-DNS3_BUILD_PROFILE_DEBUG', '-DNS3_ASSERT_ENABLE', '-DNS3_LOG_ENABLE', '-DHAVE_SYS_IOCTL_H=1', '-DHAVE_IF_NETS_H=1', '-DHAVE_NET_ETHERNET_H=1', '../test.cpp', '-c', '-o/home/mkris/git-clone/natilus-private/natilus-ns3/ns-allinone-3.29/ns-3.29/build/.conf_check_186af731951e3b9eaf1967ae14f844c9/testbuild/test.cpp.1.o']
[2/2] Linking [33mbuild/.conf_check_186af731951e3b9eaf1967ae14f844c9/testbuild/testprog[0m

['/usr/bin/g++', 'test.cpp.1.o', '-o', '/home/mkris/git-clone/natilus-private/natilus-ns3/ns-allinone-3.29/ns-3.29/build/.conf_check_186af731951e3b9eaf1967ae14f844c9/testbuild/testprog', '-Wl,-Bstatic', '-Wl,-Bdynamic']
yes
------------------------------------------------------------------
Checking for header netpacket/packet.h
==>
#include <netpacket/packet.h>

int main(int argc, char **argv) {
	(void)argc; (void)argv;
	return 0;
}

<==
[1/2] Compiling [32mbuild/.conf_check_d6869db9da8659d60f0f3dc6d8e9bf34/test.cpp[0m

['/usr/bin/g++', '-O0', '-ggdb', '-g3', '-Wall', '-Werror', '-std=c++11', '-DNS3_BUILD_PROFILE_DEBUG', '-DNS3_ASSERT_ENABLE', '-DNS3_LOG_ENABLE', '-DHAVE_SYS_IOCTL_H=1', '-DHAVE_IF_NETS_H=1', '-DHAVE_NET_ETHERNET_H=1', '-DHAVE_IF_TUN_H=1', '../test.cpp', '-c', '-o/home/mkris/git-clone/natilus-private/natilus-ns3/ns-allinone-3.29/ns-3.29/build/.conf_check_d6869db9da8659d60f0f3dc6d8e9bf34/testbuild/test.cpp.1.o']
[2/2] Linking [33mbuild/.conf_check_d6869db9da8659d60f0f3dc6d8e9bf34/testbuild/testprog[0m

['/usr/bin/g++', 'test.cpp.1.o', '-o', '/home/mkris/git-clone/natilus-private/natilus-ns3/ns-allinone-3.29/ns-3.29/build/.conf_check_d6869db9da8659d60f0f3dc6d8e9bf34/testbuild/testprog', '-Wl,-Bstatic', '-Wl,-Bdynamic']
yes
------------------------------------------------------------------
Checking for NSC location
not found
------------------------------------------------------------------
Checking for OpenFlow location
not found
------------------------------------------------------------------
Checking for library zmq
==>

int main(int argc, char **argv) {
	(void)argc; (void)argv;
	return 0;
}

<==
[1/2] Compiling [32mbuild/.conf_check_38ba6bfac5e51b2dd4078bb2a6f183a8/test.cpp[0m

['/usr/bin/g++', '-O0', '-ggdb', '-g3', '-Wall', '-Werror', '-std=c++11', '-DNS3_BUILD_PROFILE_DEBUG', '-DNS3_ASSERT_ENABLE', '-DNS3_LOG_ENABLE', '-DHAVE_SYS_IOCTL_H=1', '-DHAVE_IF_NETS_H=1', '-DHAVE_NET_ETHERNET_H=1', '-DHAVE_IF_TUN_H=1', '-DHAVE_PACKET_H=1', '../test.cpp', '-c', '-o/home/mkris/git-clone/natilus-private/natilus-ns3/ns-allinone-3.29/ns-3.29/build/.conf_check_38ba6bfac5e51b2dd4078bb2a6f183a8/testbuild/test.cpp.1.o']
[2/2] Linking [33mbuild/.conf_check_38ba6bfac5e51b2dd4078bb2a6f183a8/testbuild/testprog[0m

['/usr/bin/g++', 'test.cpp.1.o', '-o', '/home/mkris/git-clone/natilus-private/natilus-ns3/ns-allinone-3.29/ns-3.29/build/.conf_check_38ba6bfac5e51b2dd4078bb2a6f183a8/testbuild/testprog', '-Wl,-Bstatic', '-Wl,-Bdynamic', '-lzmq']
yes
------------------------------------------------------------------
Checking for 'sqlite3'
['/usr/bin/pkg-config', '--cflags', '--libs', 'sqlite3']
out: -lsqlite3

yes
------------------------------------------------------------------
Checking for header linux/if_tun.h
==>
#include <linux/if_tun.h>

int main(int argc, char **argv) {
	(void)argc; (void)argv;
	return 0;
}

<==
[1/2] Compiling [32mbuild/.conf_check_186af731951e3b9eaf1967ae14f844c9/test.cpp[0m

['/usr/bin/g++', '-O0', '-ggdb', '-g3', '-Wall', '-Werror', '-std=c++11', '-DNS3_BUILD_PROFILE_DEBUG', '-DNS3_ASSERT_ENABLE', '-DNS3_LOG_ENABLE', '-DHAVE_SYS_IOCTL_H=1', '-DHAVE_IF_NETS_H=1', '-DHAVE_NET_ETHERNET_H=1', '-DHAVE_PACKET_H=1', '-DHave_ZMQ=1', '-DHAVE_SQLITE3=1', '../test.cpp', '-c', '-o/home/mkris/git-clone/natilus-private/natilus-ns3/ns-allinone-3.29/ns-3.29/build/.conf_check_186af731951e3b9eaf1967ae14f844c9/testbuild/test.cpp.1.o']
[2/2] Linking [33mbuild/.conf_check_186af731951e3b9eaf1967ae14f844c9/testbuild/testprog[0m

['/usr/bin/g++', '-lzmq', 'test.cpp.1.o', '-o', '/home/mkris/git-clone/natilus-private/natilus-ns3/ns-allinone-3.29/ns-3.29/build/.conf_check_186af731951e3b9eaf1967ae14f844c9/testbuild/testprog', '-Wl,-Bstatic', '-Wl,-Bdynamic', '-lzmq']
yes
------------------------------------------------------------------
Checking for program 'sudo'
/usr/bin/sudo
find program=['sudo'] paths=['/home/mkris/anaconda3/bin', '/home/mkris/anaconda3/condabin', '/opt/gradle/gradle-5.0/bin', '/usr/local/sbin', '/usr/local/bin', '/usr/sbin', '/usr/bin', '/sbin', '/bin', '/usr/games', '/usr/local/games', '/usr/local/cuda-10.0/bin', '/opt/maven/bin', '/snap/bin'] var='SUDO' -> ['/usr/bin/sudo']
------------------------------------------------------------------
Checking for program 'valgrind'
/usr/bin/valgrind
find program=['valgrind'] paths=['/home/mkris/anaconda3/bin', '/home/mkris/anaconda3/condabin', '/opt/gradle/gradle-5.0/bin', '/usr/local/sbin', '/usr/local/bin', '/usr/sbin', '/usr/bin', '/sbin', '/bin', '/usr/games', '/usr/local/games', '/usr/local/cuda-10.0/bin', '/opt/maven/bin', '/snap/bin'] var='VALGRIND' -> ['/usr/bin/valgrind']
------------------------------------------------------------------
Checking for 'gsl'
['/usr/bin/pkg-config', '--cflags', '--libs', 'gsl']
out: -lgsl -lgslcblas -lm

yes
------------------------------------------------------------------
python-config
not found
find program=['libgcrypt-config'] paths=['/home/mkris/anaconda3/bin', '/home/mkris/anaconda3/condabin', '/opt/gradle/gradle-5.0/bin', '/usr/local/sbin', '/usr/local/bin', '/usr/sbin', '/usr/bin', '/sbin', '/bin', '/usr/games', '/usr/local/games', '/usr/local/cuda-10.0/bin', '/opt/maven/bin', '/snap/bin'] var='LIBGCRYPT_CONFIG' -> None
from /home/mkris/git-clone/natilus-private/natilus-ns3/ns-allinone-3.29/ns-3.29: Could not find the program ['libgcrypt-config']
------------------------------------------------------------------
Checking for compilation flag -fstrict-aliasing support
==>
int main() { return 0; }
<==
[1/1] Compiling [32mbuild/.conf_check_6718cb0438fb33c43fcbb915b4dcd05d/test.cpp[0m

['/usr/bin/g++', '-O0', '-ggdb', '-g3', '-Wall', '-Werror', '-std=c++11', '-fstrict-aliasing', '-DNS3_BUILD_PROFILE_DEBUG', '-DNS3_ASSERT_ENABLE', '-DNS3_LOG_ENABLE', '-DHAVE_SYS_IOCTL_H=1', '-DHAVE_IF_NETS_H=1', '-DHAVE_NET_ETHERNET_H=1', '-DHAVE_PACKET_H=1', '-DHave_ZMQ=1', '-DHAVE_SQLITE3=1', '-DHAVE_IF_TUN_H=1', '-DHAVE_GSL=1', '../test.cpp', '-c', '-o/home/mkris/git-clone/natilus-private/natilus-ns3/ns-allinone-3.29/ns-3.29/build/.conf_check_6718cb0438fb33c43fcbb915b4dcd05d/testbuild/test.cpp.1.o']
ok
------------------------------------------------------------------
Checking for compilation flag -fstrict-aliasing support
==>
int main() { return 0; }
<==
[1/1] Compiling [32mbuild/.conf_check_aa5f7d6e64354d56ad77d10b711fd0fb/test.c[0m

['/usr/bin/gcc', '-fstrict-aliasing', '-DNS3_BUILD_PROFILE_DEBUG', '-DNS3_ASSERT_ENABLE', '-DNS3_LOG_ENABLE', '-DHAVE_SYS_IOCTL_H=1', '-DHAVE_IF_NETS_H=1', '-DHAVE_NET_ETHERNET_H=1', '-DHAVE_PACKET_H=1', '-DHave_ZMQ=1', '-DHAVE_SQLITE3=1', '-DHAVE_IF_TUN_H=1', '-DHAVE_GSL=1', '../test.c', '-c', '-o/home/mkris/git-clone/natilus-private/natilus-ns3/ns-allinone-3.29/ns-3.29/build/.conf_check_aa5f7d6e64354d56ad77d10b711fd0fb/testbuild/test.c.1.o']
ok
------------------------------------------------------------------
Checking for compilation flag -Wstrict-aliasing support
==>
int main() { return 0; }
<==
[1/1] Compiling [32mbuild/.conf_check_6718cb0438fb33c43fcbb915b4dcd05d/test.cpp[0m

['/usr/bin/g++', '-O0', '-ggdb', '-g3', '-Wall', '-Werror', '-std=c++11', '-fstrict-aliasing', '-Wstrict-aliasing', '-DNS3_BUILD_PROFILE_DEBUG', '-DNS3_ASSERT_ENABLE', '-DNS3_LOG_ENABLE', '-DHAVE_SYS_IOCTL_H=1', '-DHAVE_IF_NETS_H=1', '-DHAVE_NET_ETHERNET_H=1', '-DHAVE_PACKET_H=1', '-DHave_ZMQ=1', '-DHAVE_SQLITE3=1', '-DHAVE_IF_TUN_H=1', '-DHAVE_GSL=1', '../test.cpp', '-c', '-o/home/mkris/git-clone/natilus-private/natilus-ns3/ns-allinone-3.29/ns-3.29/build/.conf_check_6718cb0438fb33c43fcbb915b4dcd05d/testbuild/test.cpp.1.o']
ok
------------------------------------------------------------------
Checking for compilation flag -Wstrict-aliasing support
==>
int main() { return 0; }
<==
[1/1] Compiling [32mbuild/.conf_check_aa5f7d6e64354d56ad77d10b711fd0fb/test.c[0m

['/usr/bin/gcc', '-Wstrict-aliasing', '-DNS3_BUILD_PROFILE_DEBUG', '-DNS3_ASSERT_ENABLE', '-DNS3_LOG_ENABLE', '-DHAVE_SYS_IOCTL_H=1', '-DHAVE_IF_NETS_H=1', '-DHAVE_NET_ETHERNET_H=1', '-DHAVE_PACKET_H=1', '-DHave_ZMQ=1', '-DHAVE_SQLITE3=1', '-DHAVE_IF_TUN_H=1', '-DHAVE_GSL=1', '../test.c', '-c', '-o/home/mkris/git-clone/natilus-private/natilus-ns3/ns-allinone-3.29/ns-3.29/build/.conf_check_aa5f7d6e64354d56ad77d10b711fd0fb/testbuild/test.c.1.o']
ok
------------------------------------------------------------------
Checking for program 'doxygen'
/usr/bin/doxygen
find program=['doxygen'] paths=['/home/mkris/anaconda3/bin', '/home/mkris/anaconda3/condabin', '/opt/gradle/gradle-5.0/bin', '/usr/local/sbin', '/usr/local/bin', '/usr/sbin', '/usr/bin', '/sbin', '/bin', '/usr/games', '/usr/local/games', '/usr/local/cuda-10.0/bin', '/opt/maven/bin', '/snap/bin'] var='DOXYGEN' -> ['/usr/bin/doxygen']
